<?xml version="1.0" encoding="UTF-8" ?>
<testsuites>
 <testsuite name="master_script" package="DentsPly.suite" timestamp="2022-01-28 21:21:46.321 +0530"
 tests="1"  failures="1" errors="1" time="0.939000">
  <properties>
   <property name="RunDate" value="2022-01-28 21:21:46.321 +0530"/>
   <property name="Status" value="Failure"/>
  </properties>
  <testcase name="master.script" assertions="1" status="error"  time="0.923">
    <failure type="FAILURE" message="Image Not Found: imagefound Error - Image Property List did not contain &quot;ImageName&quot; property  Restricted Search Rectangle ((0,270),(1920,810))\n -- Execution Time 0:00:00 master.script" />
    <error type="Exception" message="Image Property List did not contain &quot;ImageName&quot; property" />
  </testcase>
 </testsuite>
</testsuites>
