<?xml version="1.0" encoding="UTF-8" ?>
<testsuites>
 <testsuite name="master_script" package="DentsPly.suite" timestamp="2022-01-28 18:11:20.752 +0530"
 tests="1"  failures="1" errors="1" time="63.060000">
  <properties>
   <property name="RunDate" value="2022-01-28 18:11:20.752 +0530"/>
   <property name="Status" value="Failure"/>
  </properties>
  <testcase name="master.script" assertions="1" status="error"  time="63.045">
    <failure type="FAILURE" message="Image Not Found: waitfor Error - Unable To Find Any Image On Screen &quot;Shop&quot; within 60.00 seconds  Restricted Search Rectangle ((0,0),(960,540))\n -- Execution Time 0:01:03 master.script" />
    <error type="Exception" message="Unable To Find Any Image On Screen &quot;Shop&quot; within 60.00 seconds" />
  </testcase>
 </testsuite>
</testsuites>
