<?xml version="1.0" encoding="UTF-8" ?>
<testsuites>
 <testsuite name="master_script" package="DentsPly.suite" timestamp="2022-01-28 21:56:54.583 +0530"
 tests="1"  failures="1" errors="0" time="238.033000">
  <properties>
   <property name="RunDate" value="2022-01-28 21:56:54.583 +0530"/>
   <property name="Status" value="Failure"/>
  </properties>
  <testcase name="master.script" assertions="1" status="failure"  time="238.019">
    <failure type="FAILURE" message="STUnknownMessage: ERROR: No Such Command: 'orderconfirmation' -- Execution Time 0:03:58 master.script" />
  </testcase>
 </testsuite>
</testsuites>
