<?xml version="1.0" encoding="UTF-8" ?>
<testsuites>
 <testsuite name="master_script" package="DentsPly.suite" timestamp="2022-01-28 18:48:17.476 +0530"
 tests="1"  failures="1" errors="1" time="135.035000">
  <properties>
   <property name="RunDate" value="2022-01-28 18:48:17.476 +0530"/>
   <property name="Status" value="Failure"/>
  </properties>
  <testcase name="master.script" assertions="1" status="error"  time="135.023">
    <failure type="FAILURE" message="Image Not Found: imagefound Error - Image Property List did not contain &quot;ImageName&quot; property  Restricted Search Rectangle ((0,0),(1920,540))\n -- Execution Time 0:02:15 master.script" />
    <error type="Exception" message="Image Property List did not contain &quot;ImageName&quot; property" />
  </testcase>
 </testsuite>
</testsuites>
